<?xml version="1.0" encoding="utf-8"?><testsuites name="pytest tests"><testsuite name="pytest" errors="0" failures="0" skipped="0" tests="16" time="5.919" timestamp="2026-04-05T19:07:32.439992+00:00" hostname="agent-env-100f2af7-c9e6-4c46-adf5-60ef5be1df6c"><testcase classname="tests.test_api_endpoints.TestHealthAndStatus" name="test_bot_status_endpoint" time="0.253" /><testcase classname="tests.test_api_endpoints.TestHealthAndStatus" name="test_config_status_endpoint" time="0.104" /><testcase classname="tests.test_api_endpoints.TestSetupEndpoint" name="test_setup_saves_config_to_mongodb" time="0.668" /><testcase classname="tests.test_api_endpoints.TestSetupEndpoint" name="test_setup_without_telegram" time="0.246" /><testcase classname="tests.test_api_endpoints.TestTelegramEndpoints" name="test_telegram_configure" time="0.619" /><testcase classname="tests.test_api_endpoints.TestTelegramEndpoints" name="test_telegram_test_message" time="1.136" /><testcase classname="tests.test_api_endpoints.TestTelegramEndpoints" name="test_telegram_daily_report" time="1.155" /><testcase classname="tests.test_api_endpoints.TestTelegramEndpoints" name="test_telegram_configure_missing_params" time="0.131" /><testcase classname="tests.test_api_endpoints.TestTradesAndStats" name="test_trades_history" time="0.139" /><testcase classname="tests.test_api_endpoints.TestTradesAndStats" name="test_trades_history_with_limit" time="0.093" /><testcase classname="tests.test_api_endpoints.TestTradesAndStats" name="test_daily_stats" time="0.101" /><testcase classname="tests.test_api_endpoints.TestBotControl" name="test_bot_start_without_binance" time="0.106" /><testcase classname="tests.test_api_endpoints.TestBotControl" name="test_bot_stop_when_not_running" time="0.109" /><testcase classname="tests.test_api_endpoints.TestMarketEndpoints" name="test_market_prices_without_binance" time="0.142" /><testcase classname="tests.test_api_endpoints.TestMarketEndpoints" name="test_account_balance_without_binance" time="0.121" /><testcase classname="tests.test_api_endpoints.TestConfigPersistence" name="test_config_persists_after_setup" time="0.701" /></testsuite></testsuites>